<?xml version="1.0" encoding="UTF-8"?>
<!-- Generated by org.testng.reporters.JUnitReportReporter -->
<testsuite hostname="Ash" failures="0" tests="1" name="com.staar.modules.thirdparty.VerifyCreatedThirdPartyInListTest" time="11.178" errors="0" timestamp="2024-09-23T12:45:01 IST" skipped="0">
  <testcase classname="com.staar.modules.thirdparty.VerifyCreatedThirdPartyInListTest" name="verifyCreatedThirdPartyInListTest" time="11.178"/>
</testsuite> <!-- com.staar.modules.thirdparty.VerifyCreatedThirdPartyInListTest -->
