<?xml version="1.0" encoding="UTF-8"?>
<!-- Generated by org.testng.reporters.JUnitReportReporter -->
<testsuite hostname="Ash" failures="0" tests="1" name="com.staar.modules.thirdparty.ListOfCustomersTest" time="9.196" errors="0" timestamp="2024-09-23T16:26:32 IST" skipped="0">
  <testcase classname="com.staar.modules.thirdparty.ListOfCustomersTest" name="ListOfCustomers" time="9.196"/>
</testsuite> <!-- com.staar.modules.thirdparty.ListOfCustomersTest -->
