<?xml version="1.0" encoding="UTF-8"?>
<!-- Generated by org.testng.reporters.JUnitReportReporter -->
<testsuite hostname="Ash" failures="0" tests="1" name="com.staar.modules.thirdparty.ModifyThirdPartyTest" time="10.885" errors="0" timestamp="2024-09-23T12:23:38 IST" skipped="0">
  <testcase classname="com.staar.modules.thirdparty.ModifyThirdPartyTest" name="modifyThirdPartyTest" time="10.885"/>
</testsuite> <!-- com.staar.modules.thirdparty.ModifyThirdPartyTest -->
