<?xml version="1.0" encoding="UTF-8"?>
<!-- Generated by org.testng.reporters.JUnitReportReporter -->
<testsuite hostname="Ash" failures="0" tests="1" name="com.staar.modules.commerce.CreateProposalAndRejectTest" time="14.131" errors="0" timestamp="2024-09-23T13:47:58 IST" skipped="0">
  <testcase classname="com.staar.modules.commerce.CreateProposalAndRejectTest" name="createPropAndReject" time="14.131"/>
</testsuite> <!-- com.staar.modules.commerce.CreateProposalAndRejectTest -->
