<?xml version="1.0" encoding="UTF-8"?>
<!-- Generated by org.testng.reporters.JUnitReportReporter -->
<testsuite hostname="Ash" failures="0" tests="3" name="com.staar.modules.commerce.CommerceModuleTest" time="54.024" errors="0" timestamp="2024-09-23T18:34:31 IST" skipped="0">
  <testcase classname="com.staar.modules.commerce.CommerceModuleTest" name="createSalesOrderAndValidateTest" time="10.773"/>
  <testcase classname="com.staar.modules.commerce.CommerceModuleTest" name="verifyDraftProposalInList" time="18.610"/>
  <testcase classname="com.staar.modules.commerce.CommerceModuleTest" name="createPropAndReject" time="24.641"/>
</testsuite> <!-- com.staar.modules.commerce.CommerceModuleTest -->
