<?xml version="1.0" encoding="UTF-8"?>
<!-- Generated by org.testng.reporters.JUnitReportReporter -->
<testsuite hostname="Ash" failures="0" tests="1" name="com.staar.modules.commerce.VerifyDraftProposalsListTest" time="10.219" errors="0" timestamp="2024-09-23T13:17:19 IST" skipped="0">
  <testcase classname="com.staar.modules.commerce.VerifyDraftProposalsListTest" name="verifyDraftProposalInList" time="10.219"/>
</testsuite> <!-- com.staar.modules.commerce.VerifyDraftProposalsListTest -->
