<?xml version="1.0" encoding="UTF-8"?>
<!-- Generated by org.testng.reporters.JUnitReportReporter -->
<testsuite hostname="Ash" failures="0" tests="1" name="com.staar.modules.thirdparty.ThirdPartyTest" time="10.912" errors="0" timestamp="2024-09-24T11:12:12 IST" skipped="0">
  <testcase classname="com.staar.modules.thirdparty.ThirdPartyTest" name="createThirdParty" time="10.912"/>
</testsuite> <!-- com.staar.modules.thirdparty.ThirdPartyTest -->
