<?xml version="1.0" encoding="UTF-8"?>
<!-- Generated by org.testng.reporters.JUnitXMLReporter -->
<testsuite ignored="0" hostname="Ash" failures="0" tests="1" name="Test-3" time="35.718" errors="0" timestamp="2024-09-23T18:35:52 IST">
  <testcase classname="com.staar.modules.services.ModifyShipmentAndSendMailTest" name="modifyShipmentAndSendMailTest" time="0.0">
    <skipped/>
  </testcase> <!-- modifyShipmentAndSendMailTest -->
</testsuite> <!-- Test-3 -->
