<?xml version="1.0" encoding="UTF-8"?>
<!-- Generated by org.testng.reporters.JUnitXMLReporter -->
<testsuite ignored="0" hostname="Ash" failures="0" tests="4" name="Test-1" time="41.597" errors="0" timestamp="2024-09-23T18:35:57 IST">
  <testcase classname="com.staar.modules.thirdparty.ThirdPartyTest" name="ListOfCustomers" time="1.53"/>
  <testcase classname="com.staar.modules.thirdparty.ThirdPartyTest" name="createThirdParty" time="6.988"/>
  <testcase classname="com.staar.modules.thirdparty.ThirdPartyTest" name="modifyThirdPartyTest" time="5.581"/>
  <testcase classname="com.staar.modules.thirdparty.ThirdPartyTest" name="verifyCreatedThirdPartyInListTest" time="3.785"/>
</testsuite> <!-- Test-1 -->
