<?xml version="1.0" encoding="UTF-8"?>
<!-- Generated by org.testng.reporters.JUnitReportReporter -->
<testsuite hostname="Ash" failures="0" tests="1" name="com.vtiger.crm.contacttestwithpom_combinedtests_testng.CreateContactTest" time="83.354" errors="0" timestamp="2024-09-23T16:06:37 IST" skipped="0">
  <testcase classname="com.vtiger.crm.contacttestwithpom_combinedtests_testng.CreateContactTest" name="createContactTest" time="83.354"/>
  <system-out/>
</testsuite> <!-- com.vtiger.crm.contacttestwithpom_combinedtests_testng.CreateContactTest -->
